<?xml version="1.0" encoding="UTF-8"?>
<!-- Generated by org.testng.reporters.JUnitXMLReporter -->
<testsuite ignored="0" hostname="Dineshkumar" failures="0" tests="4" name="Default test" time="21.608" errors="0" timestamp="2023-07-20T08:33:53 IST">
  <testcase classname="Testng.Testng.CombinedTests" name="addToCartTest" time="1.986"/>
  <testcase classname="Testng.Testng.CombinedTests" name="googleSearchTest" time="4.927"/>
  <testcase classname="Testng.Testng.CombinedTests" name="loginTest" time="0.965"/>
  <testcase classname="Testng.Testng.CombinedTests" name="registrationTest" time="10.03"/>
</testsuite> <!-- Default test -->
